# JRE version: OpenJDK Runtime Environment (8.0_191-b12) (build 1.8.0_191-b12)
# Java VM: OpenJDK 64-Bit Server VM (25.191-b12 mixed mode linux-amd64 compressed oops)
Heap:
 PSYoungGen      total 66560K, used 26372K [0x00000000d8980000, 0x00000000dcf80000, 0x0000000100000000)
  eden space 61440K, 35% used [0x00000000d8980000,0x00000000d9f15330,0x00000000dc580000)
  from space 5120K, 83% used [0x00000000dca80000,0x00000000dceac030,0x00000000dcf80000)
  to   space 5120K, 0% used [0x00000000dc580000,0x00000000dc580000,0x00000000dca80000)
 ParOldGen       total 81920K, used 104K [0x0000000089c00000, 0x000000008ec00000, 0x00000000d8980000)
  object space 81920K, 0% used [0x0000000089c00000,0x0000000089c1a028,0x000000008ec00000)
 Metaspace       used 16210K, capacity 16438K, committed 16896K, reserved 1064960K
  class space    used 1698K, capacity 1765K, committed 1792K, reserved 1048576K
GC Heap History (8 events):
Event: 0.818 GC heap before
{Heap before GC invocations=1 (full 0):
 PSYoungGen      total 35840K, used 30720K [0x00000000d8980000, 0x00000000db180000, 0x0000000100000000)
  eden space 30720K, 100% used [0x00000000d8980000,0x00000000da780000,0x00000000da780000)
  from space 5120K, 0% used [0x00000000dac80000,0x00000000dac80000,0x00000000db180000)
  to   space 5120K, 0% used [0x00000000da780000,0x00000000da780000,0x00000000dac80000)
 ParOldGen       total 81920K, used 0K [0x0000000089c00000, 0x000000008ec00000, 0x00000000d8980000)
  object space 81920K, 0% used [0x0000000089c00000,0x0000000089c00000,0x000000008ec00000)
 Metaspace       used 7902K, capacity 8056K, committed 8320K, reserved 1056768K
  class space    used 790K, capacity 850K, committed 896K, reserved 1048576K
Event: 0.825 GC heap after
Heap after GC invocations=1 (full 0):
 PSYoungGen      total 35840K, used 2738K [0x00000000d8980000, 0x00000000db180000, 0x0000000100000000)
  eden space 30720K, 0% used [0x00000000d8980000,0x00000000d8980000,0x00000000da780000)
  from space 5120K, 53% used [0x00000000da780000,0x00000000daa2c9d8,0x00000000dac80000)
  to   space 5120K, 0% used [0x00000000dac80000,0x00000000dac80000,0x00000000db180000)
 ParOldGen       total 81920K, used 8K [0x0000000089c00000, 0x000000008ec00000, 0x00000000d8980000)
  object space 81920K, 0% used [0x0000000089c00000,0x0000000089c02000,0x000000008ec00000)
 Metaspace       used 7902K, capacity 8056K, committed 8320K, reserved 1056768K
  class space    used 790K, capacity 850K, committed 896K, reserved 1048576K
}
Event: 1.308 GC heap before
{Heap before GC invocations=2 (full 0):
 PSYoungGen      total 35840K, used 33458K [0x00000000d8980000, 0x00000000db180000, 0x0000000100000000)
  eden space 30720K, 100% used [0x00000000d8980000,0x00000000da780000,0x00000000da780000)
  from space 5120K, 53% used [0x00000000da780000,0x00000000daa2c9d8,0x00000000dac80000)
  to   space 5120K, 0% used [0x00000000dac80000,0x00000000dac80000,0x00000000db180000)
 ParOldGen       total 81920K, used 8K [0x0000000089c00000, 0x000000008ec00000, 0x00000000d8980000)
  object space 81920K, 0% used [0x0000000089c00000,0x0000000089c02000,0x000000008ec00000)
 Metaspace       used 12866K, capacity 13018K, committed 13312K, reserved 1060864K
  class space    used 1389K, capacity 1439K, committed 1536K, reserved 1048576K
Event: 1.315 GC heap after
Heap after GC invocations=2 (full 0):
 PSYoungGen      total 35840K, used 3909K [0x00000000d8980000, 0x00000000dcf80000, 0x0000000100000000)
  eden space 30720K, 0% used [0x00000000d8980000,0x00000000d8980000,0x00000000da780000)
  from space 5120K, 76% used [0x00000000dac80000,0x00000000db051570,0x00000000db180000)
  to   space 5120K, 0% used [0x00000000da780000,0x00000000da780000,0x00000000dac80000)
 ParOldGen       total 81920K, used 88K [0x0000000089c00000, 0x000000008ec00000, 0x00000000d8980000)
  object space 81920K, 0% used [0x0000000089c00000,0x0000000089c16028,0x000000008ec00000)
 Metaspace       used 12866K, capacity 13018K, committed 13312K, reserved 1060864K
  class space    used 1389K, capacity 1439K, committed 1536K, reserved 1048576K
}
Event: 1.561 GC heap before
{Heap before GC invocations=3 (full 0):
 PSYoungGen      total 35840K, used 34629K [0x00000000d8980000, 0x00000000dcf80000, 0x0000000100000000)
  eden space 30720K, 100% used [0x00000000d8980000,0x00000000da780000,0x00000000da780000)
  from space 5120K, 76% used [0x00000000dac80000,0x00000000db051570,0x00000000db180000)
  to   space 5120K, 0% used [0x00000000da780000,0x00000000da780000,0x00000000dac80000)
 ParOldGen       total 81920K, used 88K [0x0000000089c00000, 0x000000008ec00000, 0x00000000d8980000)
  object space 81920K, 0% used [0x0000000089c00000,0x0000000089c16028,0x000000008ec00000)
 Metaspace       used 15381K, capacity 15514K, committed 15872K, reserved 1062912K
  class space    used 1639K, capacity 1695K, committed 1792K, reserved 1048576K
Event: 1.569 GC heap after
Heap after GC invocations=3 (full 0):
 PSYoungGen      total 35840K, used 4650K [0x00000000d8980000, 0x00000000dcf80000, 0x0000000100000000)
  eden space 30720K, 0% used [0x00000000d8980000,0x00000000d8980000,0x00000000da780000)
  from space 5120K, 90% used [0x00000000da780000,0x00000000dac0ab10,0x00000000dac80000)
  to   space 5120K, 0% used [0x00000000dca80000,0x00000000dca80000,0x00000000dcf80000)
 ParOldGen       total 81920K, used 96K [0x0000000089c00000, 0x000000008ec00000, 0x00000000d8980000)
  object space 81920K, 0% used [0x0000000089c00000,0x0000000089c18028,0x000000008ec00000)
 Metaspace       used 15381K, capacity 15514K, committed 15872K, reserved 1062912K
  class space    used 1639K, capacity 1695K, committed 1792K, reserved 1048576K
}
Event: 7098.585 GC heap before
{Heap before GC invocations=4 (full 0):
 PSYoungGen      total 35840K, used 35370K [0x00000000d8980000, 0x00000000dcf80000, 0x0000000100000000)
  eden space 30720K, 100% used [0x00000000d8980000,0x00000000da780000,0x00000000da780000)
  from space 5120K, 90% used [0x00000000da780000,0x00000000dac0ab10,0x00000000dac80000)
  to   space 5120K, 0% used [0x00000000dca80000,0x00000000dca80000,0x00000000dcf80000)
 ParOldGen       total 81920K, used 96K [0x0000000089c00000, 0x000000008ec00000, 0x00000000d8980000)
  object space 81920K, 0% used [0x0000000089c00000,0x0000000089c18028,0x000000008ec00000)
 Metaspace       used 15968K, capacity 16110K, committed 16384K, reserved 1064960K
  class space    used 1692K, capacity 1765K, committed 1792K, reserved 1048576K
Event: 7098.596 GC heap after
Heap after GC invocations=4 (full 0):
 PSYoungGen      total 66560K, used 4272K [0x00000000d8980000, 0x00000000dcf80000, 0x0000000100000000)
  eden space 61440K, 0% used [0x00000000d8980000,0x00000000d8980000,0x00000000dc580000)
  from space 5120K, 83% used [0x00000000dca80000,0x00000000dceac030,0x00000000dcf80000)
  to   space 5120K, 0% used [0x00000000dc580000,0x00000000dc580000,0x00000000dca80000)
 ParOldGen       total 81920K, used 104K [0x0000000089c00000, 0x000000008ec00000, 0x00000000d8980000)
  object space 81920K, 0% used [0x0000000089c00000,0x0000000089c1a028,0x000000008ec00000)
 Metaspace       used 15968K, capacity 16110K, committed 16384K, reserved 1064960K
  class space    used 1692K, capacity 1765K, committed 1792K, reserved 1048576K
}

