# JRE version: OpenJDK Runtime Environment (8.0_191-b12) (build 1.8.0_191-b12)
# Java VM: OpenJDK 64-Bit Server VM (25.191-b12 mixed mode linux-amd64 compressed oops)
Heap:
 PSYoungGen      total 66560K, used 44777K [0x00000000d8980000, 0x00000000e1680000, 0x0000000100000000)
  eden space 61440K, 64% used [0x00000000d8980000,0x00000000db03db40,0x00000000dc580000)
  from space 5120K, 99% used [0x00000000dc580000,0x00000000dca7c920,0x00000000dca80000)
  to   space 10752K, 0% used [0x00000000e0c00000,0x00000000e0c00000,0x00000000e1680000)
 ParOldGen       total 81920K, used 7007K [0x0000000089c00000, 0x000000008ec00000, 0x00000000d8980000)
  object space 81920K, 8% used [0x0000000089c00000,0x000000008a2d7cc0,0x000000008ec00000)
 Metaspace       used 14354K, capacity 14560K, committed 14848K, reserved 1062912K
  class space    used 1408K, capacity 1466K, committed 1536K, reserved 1048576K
GC Heap History (10 events):
Event: 0.758 GC heap before
{Heap before GC invocations=1 (full 0):
 PSYoungGen      total 35840K, used 30720K [0x00000000d8980000, 0x00000000db180000, 0x0000000100000000)
  eden space 30720K, 100% used [0x00000000d8980000,0x00000000da780000,0x00000000da780000)
  from space 5120K, 0% used [0x00000000dac80000,0x00000000dac80000,0x00000000db180000)
  to   space 5120K, 0% used [0x00000000da780000,0x00000000da780000,0x00000000dac80000)
 ParOldGen       total 81920K, used 0K [0x0000000089c00000, 0x000000008ec00000, 0x00000000d8980000)
  object space 81920K, 0% used [0x0000000089c00000,0x0000000089c00000,0x000000008ec00000)
 Metaspace       used 7734K, capacity 7856K, committed 8064K, reserved 1056768K
  class space    used 759K, capacity 786K, committed 896K, reserved 1048576K
Event: 0.766 GC heap after
Heap after GC invocations=1 (full 0):
 PSYoungGen      total 35840K, used 2849K [0x00000000d8980000, 0x00000000db180000, 0x0000000100000000)
  eden space 30720K, 0% used [0x00000000d8980000,0x00000000d8980000,0x00000000da780000)
  from space 5120K, 55% used [0x00000000da780000,0x00000000daa48600,0x00000000dac80000)
  to   space 5120K, 0% used [0x00000000dac80000,0x00000000dac80000,0x00000000db180000)
 ParOldGen       total 81920K, used 8K [0x0000000089c00000, 0x000000008ec00000, 0x00000000d8980000)
  object space 81920K, 0% used [0x0000000089c00000,0x0000000089c02000,0x000000008ec00000)
 Metaspace       used 7734K, capacity 7856K, committed 8064K, reserved 1056768K
  class space    used 759K, capacity 786K, committed 896K, reserved 1048576K
}
Event: 1.089 GC heap before
{Heap before GC invocations=2 (full 0):
 PSYoungGen      total 35840K, used 33569K [0x00000000d8980000, 0x00000000db180000, 0x0000000100000000)
  eden space 30720K, 100% used [0x00000000d8980000,0x00000000da780000,0x00000000da780000)
  from space 5120K, 55% used [0x00000000da780000,0x00000000daa48600,0x00000000dac80000)
  to   space 5120K, 0% used [0x00000000dac80000,0x00000000dac80000,0x00000000db180000)
 ParOldGen       total 81920K, used 8K [0x0000000089c00000, 0x000000008ec00000, 0x00000000d8980000)
  object space 81920K, 0% used [0x0000000089c00000,0x0000000089c02000,0x000000008ec00000)
 Metaspace       used 10233K, capacity 10358K, committed 10624K, reserved 1058816K
  class space    used 1070K, capacity 1107K, committed 1152K, reserved 1048576K
Event: 1.095 GC heap after
Heap after GC invocations=2 (full 0):
 PSYoungGen      total 35840K, used 4331K [0x00000000d8980000, 0x00000000dcf80000, 0x0000000100000000)
  eden space 30720K, 0% used [0x00000000d8980000,0x00000000d8980000,0x00000000da780000)
  from space 5120K, 84% used [0x00000000dac80000,0x00000000db0bad08,0x00000000db180000)
  to   space 5120K, 0% used [0x00000000da780000,0x00000000da780000,0x00000000dac80000)
 ParOldGen       total 81920K, used 88K [0x0000000089c00000, 0x000000008ec00000, 0x00000000d8980000)
  object space 81920K, 0% used [0x0000000089c00000,0x0000000089c16028,0x000000008ec00000)
 Metaspace       used 10233K, capacity 10358K, committed 10624K, reserved 1058816K
  class space    used 1070K, capacity 1107K, committed 1152K, reserved 1048576K
}
Event: 1.452 GC heap before
{Heap before GC invocations=3 (full 0):
 PSYoungGen      total 35840K, used 35051K [0x00000000d8980000, 0x00000000dcf80000, 0x0000000100000000)
  eden space 30720K, 100% used [0x00000000d8980000,0x00000000da780000,0x00000000da780000)
  from space 5120K, 84% used [0x00000000dac80000,0x00000000db0bad08,0x00000000db180000)
  to   space 5120K, 0% used [0x00000000da780000,0x00000000da780000,0x00000000dac80000)
 ParOldGen       total 81920K, used 88K [0x0000000089c00000, 0x000000008ec00000, 0x00000000d8980000)
  object space 81920K, 0% used [0x0000000089c00000,0x0000000089c16028,0x000000008ec00000)
 Metaspace       used 12627K, capacity 12764K, committed 12928K, reserved 1060864K
  class space    used 1271K, capacity 1316K, committed 1408K, reserved 1048576K
Event: 1.458 GC heap after
Heap after GC invocations=3 (full 0):
 PSYoungGen      total 35840K, used 5100K [0x00000000d8980000, 0x00000000dcf80000, 0x0000000100000000)
  eden space 30720K, 0% used [0x00000000d8980000,0x00000000d8980000,0x00000000da780000)
  from space 5120K, 99% used [0x00000000da780000,0x00000000dac7b208,0x00000000dac80000)
  to   space 5120K, 0% used [0x00000000dca80000,0x00000000dca80000,0x00000000dcf80000)
 ParOldGen       total 81920K, used 606K [0x0000000089c00000, 0x000000008ec00000, 0x00000000d8980000)
  object space 81920K, 0% used [0x0000000089c00000,0x0000000089c97a40,0x000000008ec00000)
 Metaspace       used 12627K, capacity 12764K, committed 12928K, reserved 1060864K
  class space    used 1271K, capacity 1316K, committed 1408K, reserved 1048576K
}
Event: 1.587 GC heap before
{Heap before GC invocations=4 (full 0):
 PSYoungGen      total 35840K, used 35820K [0x00000000d8980000, 0x00000000dcf80000, 0x0000000100000000)
  eden space 30720K, 100% used [0x00000000d8980000,0x00000000da780000,0x00000000da780000)
  from space 5120K, 99% used [0x00000000da780000,0x00000000dac7b208,0x00000000dac80000)
  to   space 5120K, 0% used [0x00000000dca80000,0x00000000dca80000,0x00000000dcf80000)
 ParOldGen       total 81920K, used 606K [0x0000000089c00000, 0x000000008ec00000, 0x00000000d8980000)
  object space 81920K, 0% used [0x0000000089c00000,0x0000000089c97a40,0x000000008ec00000)
 Metaspace       used 13200K, capacity 13356K, committed 13440K, reserved 1060864K
  class space    used 1329K, capacity 1356K, committed 1408K, reserved 1048576K
Event: 1.594 GC heap after
Heap after GC invocations=4 (full 0):
 PSYoungGen      total 66560K, used 5097K [0x00000000d8980000, 0x00000000dcf80000, 0x0000000100000000)
  eden space 61440K, 0% used [0x00000000d8980000,0x00000000d8980000,0x00000000dc580000)
  from space 5120K, 99% used [0x00000000dca80000,0x00000000dcf7a700,0x00000000dcf80000)
  to   space 5120K, 0% used [0x00000000dc580000,0x00000000dc580000,0x00000000dca80000)
 ParOldGen       total 81920K, used 1966K [0x0000000089c00000, 0x000000008ec00000, 0x00000000d8980000)
  object space 81920K, 2% used [0x0000000089c00000,0x0000000089deba40,0x000000008ec00000)
 Metaspace       used 13200K, capacity 13356K, committed 13440K, reserved 1060864K
  class space    used 1329K, capacity 1356K, committed 1408K, reserved 1048576K
}
Event: 1.977 GC heap before
{Heap before GC invocations=5 (full 0):
 PSYoungGen      total 66560K, used 66537K [0x00000000d8980000, 0x00000000dcf80000, 0x0000000100000000)
  eden space 61440K, 100% used [0x00000000d8980000,0x00000000dc580000,0x00000000dc580000)
  from space 5120K, 99% used [0x00000000dca80000,0x00000000dcf7a700,0x00000000dcf80000)
  to   space 5120K, 0% used [0x00000000dc580000,0x00000000dc580000,0x00000000dca80000)
 ParOldGen       total 81920K, used 1966K [0x0000000089c00000, 0x000000008ec00000, 0x00000000d8980000)
  object space 81920K, 2% used [0x0000000089c00000,0x0000000089deba40,0x000000008ec00000)
 Metaspace       used 14212K, capacity 14400K, committed 14592K, reserved 1062912K
  class space    used 1406K, capacity 1434K, committed 1536K, reserved 1048576K
Event: 1.993 GC heap after
Heap after GC invocations=5 (full 0):
 PSYoungGen      total 66560K, used 5106K [0x00000000d8980000, 0x00000000e1680000, 0x0000000100000000)
  eden space 61440K, 0% used [0x00000000d8980000,0x00000000d8980000,0x00000000dc580000)
  from space 5120K, 99% used [0x00000000dc580000,0x00000000dca7c920,0x00000000dca80000)
  to   space 10752K, 0% used [0x00000000e0c00000,0x00000000e0c00000,0x00000000e1680000)
 ParOldGen       total 81920K, used 7007K [0x0000000089c00000, 0x000000008ec00000, 0x00000000d8980000)
  object space 81920K, 8% used [0x0000000089c00000,0x000000008a2d7cc0,0x000000008ec00000)
 Metaspace       used 14212K, capacity 14400K, committed 14592K, reserved 1062912K
  class space    used 1406K, capacity 1434K, committed 1536K, reserved 1048576K
}

