# JRE version: Java(TM) SE Runtime Environment (8.0_131-b11) (build 1.8.0_131-b11)
# Java VM: Java HotSpot(TM) 64-Bit Server VM (25.131-b11 mixed mode linux-amd64 compressed oops)
Heap:
 garbage-first heap   total 499712K, used 364850K [0x00000000c0000000, 0x00000000c0100f40, 0x0000000100000000)
  region size 1024K, 84 young (86016K), 14 survivors (14336K)
 Metaspace       used 175335K, capacity 192790K, committed 195728K, reserved 1218560K
  class space    used 20071K, capacity 25032K, committed 25744K, reserved 1048576K
GC Heap History (10 events):
Event: 37291.931 GC heap before
{Heap before GC invocations=605 (full 0):
 garbage-first heap   total 499712K, used 436287K [0x00000000c0000000, 0x00000000c0100f40, 0x0000000100000000)
  region size 1024K, 221 young (226304K), 11 survivors (11264K)
 Metaspace       used 174741K, capacity 191778K, committed 191888K, reserved 1216512K
  class space    used 20113K, capacity 25165K, committed 25232K, reserved 1048576K
Event: 37291.959 GC heap after
Heap after GC invocations=606 (full 0):
 garbage-first heap   total 499712K, used 220755K [0x00000000c0000000, 0x00000000c0100f40, 0x0000000100000000)
  region size 1024K, 10 young (10240K), 10 survivors (10240K)
 Metaspace       used 174741K, capacity 191778K, committed 191888K, reserved 1216512K
  class space    used 20113K, capacity 25165K, committed 25232K, reserved 1048576K
}
Event: 37326.873 GC heap before
{Heap before GC invocations=606 (full 0):
 garbage-first heap   total 499712K, used 437843K [0x00000000c0000000, 0x00000000c0100f40, 0x0000000100000000)
  region size 1024K, 222 young (227328K), 10 survivors (10240K)
 Metaspace       used 174759K, capacity 191784K, committed 191888K, reserved 1216512K
  class space    used 20113K, capacity 25166K, committed 25232K, reserved 1048576K
Event: 37326.902 GC heap after
Heap after GC invocations=607 (full 0):
 garbage-first heap   total 499712K, used 221408K [0x00000000c0000000, 0x00000000c0100f40, 0x0000000100000000)
  region size 1024K, 11 young (11264K), 11 survivors (11264K)
 Metaspace       used 174759K, capacity 191784K, committed 191888K, reserved 1216512K
  class space    used 20113K, capacity 25166K, committed 25232K, reserved 1048576K
}
Event: 37383.349 GC heap before
{Heap before GC invocations=607 (full 0):
 garbage-first heap   total 499712K, used 436448K [0x00000000c0000000, 0x00000000c0100f40, 0x0000000100000000)
  region size 1024K, 221 young (226304K), 11 survivors (11264K)
 Metaspace       used 176769K, capacity 194076K, committed 194320K, reserved 1218560K
  class space    used 20432K, capacity 25538K, committed 25616K, reserved 1048576K
Event: 37383.390 GC heap after
Heap after GC invocations=608 (full 0):
 garbage-first heap   total 499712K, used 234817K [0x00000000c0000000, 0x00000000c0100f40, 0x0000000100000000)
  region size 1024K, 24 young (24576K), 24 survivors (24576K)
 Metaspace       used 176769K, capacity 194076K, committed 194320K, reserved 1218560K
  class space    used 20432K, capacity 25538K, committed 25616K, reserved 1048576K
}
Event: 37400.947 GC heap before
{Heap before GC invocations=608 (full 0):
 garbage-first heap   total 499712K, used 423233K [0x00000000c0000000, 0x00000000c0100f40, 0x0000000100000000)
  region size 1024K, 208 young (212992K), 24 survivors (24576K)
 Metaspace       used 177501K, capacity 195132K, committed 195472K, reserved 1218560K
  class space    used 20529K, capacity 25619K, committed 25744K, reserved 1048576K
Event: 37401.024 GC heap after
Heap after GC invocations=609 (full 0):
 garbage-first heap   total 499712K, used 230636K [0x00000000c0000000, 0x00000000c0100f40, 0x0000000100000000)
  region size 1024K, 14 young (14336K), 14 survivors (14336K)
 Metaspace       used 177501K, capacity 195132K, committed 195472K, reserved 1218560K
  class space    used 20529K, capacity 25619K, committed 25744K, reserved 1048576K
}
Event: 37402.404 GC heap before
{Heap before GC invocations=609 (full 0):
 garbage-first heap   total 499712K, used 241068K [0x00000000c0000000, 0x00000000c0100f40, 0x0000000100000000)
  region size 1024K, 21 young (21504K), 14 survivors (14336K)
 Metaspace       used 177714K, capacity 195518K, committed 195728K, reserved 1218560K
  class space    used 20553K, capacity 25685K, committed 25744K, reserved 1048576K
Event: 37402.451 GC heap after
Heap after GC invocations=610 (full 0):
 garbage-first heap   total 499712K, used 233292K [0x00000000c0000000, 0x00000000c0100f40, 0x0000000100000000)
  region size 1024K, 14 young (14336K), 14 survivors (14336K)
 Metaspace       used 177714K, capacity 195518K, committed 195728K, reserved 1218560K
  class space    used 20553K, capacity 25685K, committed 25744K, reserved 1048576K
}

