# JRE version: OpenJDK Runtime Environment (12.0.1+12) (build 12.0.1+12)
# Java VM: OpenJDK 64-Bit Server VM (12.0.1+12, mixed mode, sharing, tiered, compressed oops, g1 gc, linux-amd64)
Heap:
 garbage-first heap   total 510976K, used 33904K [0x0000000089c00000, 0x0000000100000000)
  region size 1024K, 1 young (1024K), 1 survivors (1024K)
 Metaspace       used 16549K, capacity 16899K, committed 17280K, reserved 1064960K
  class space    used 1524K, capacity 1625K, committed 1664K, reserved 1048576K
GC Heap History (10 events):
Event: 49.648 GC heap after
{Heap after GC invocations=67 (full 0):
 garbage-first heap   total 218112K, used 33752K [0x0000000089c00000, 0x0000000100000000)
  region size 1024K, 3 young (3072K), 3 survivors (3072K)
 Metaspace       used 16549K, capacity 16899K, committed 17280K, reserved 1064960K
  class space    used 1524K, capacity 1625K, committed 1664K, reserved 1048576K
}
Event: 50.667 GC heap before
{Heap before GC invocations=67 (full 0):
 garbage-first heap   total 218112K, used 160728K [0x0000000089c00000, 0x0000000100000000)
  region size 1024K, 127 young (130048K), 3 survivors (3072K)
 Metaspace       used 16549K, capacity 16899K, committed 17280K, reserved 1064960K
  class space    used 1524K, capacity 1625K, committed 1664K, reserved 1048576K
}
Event: 50.702 GC heap after
{Heap after GC invocations=68 (full 0):
 garbage-first heap   total 218112K, used 33608K [0x0000000089c00000, 0x0000000100000000)
  region size 1024K, 3 young (3072K), 3 survivors (3072K)
 Metaspace       used 16549K, capacity 16899K, committed 17280K, reserved 1064960K
  class space    used 1524K, capacity 1625K, committed 1664K, reserved 1048576K
}
Event: 51.630 GC heap before
{Heap before GC invocations=68 (full 0):
 garbage-first heap   total 218112K, used 160584K [0x0000000089c00000, 0x0000000100000000)
  region size 1024K, 127 young (130048K), 3 survivors (3072K)
 Metaspace       used 16549K, capacity 16899K, committed 17280K, reserved 1064960K
  class space    used 1524K, capacity 1625K, committed 1664K, reserved 1048576K
}
Event: 51.694 GC heap after
{Heap after GC invocations=69 (full 0):
 garbage-first heap   total 218112K, used 33759K [0x0000000089c00000, 0x0000000100000000)
  region size 1024K, 3 young (3072K), 3 survivors (3072K)
 Metaspace       used 16549K, capacity 16899K, committed 17280K, reserved 1064960K
  class space    used 1524K, capacity 1625K, committed 1664K, reserved 1048576K
}
Event: 58.016 GC heap before
{Heap before GC invocations=69 (full 0):
 garbage-first heap   total 218112K, used 160735K [0x0000000089c00000, 0x0000000100000000)
  region size 1024K, 127 young (130048K), 3 survivors (3072K)
 Metaspace       used 16549K, capacity 16899K, committed 17280K, reserved 1064960K
  class space    used 1524K, capacity 1625K, committed 1664K, reserved 1048576K
}
Event: 59.508 GC heap after
{Heap after GC invocations=70 (full 0):
 garbage-first heap   total 218112K, used 33857K [0x0000000089c00000, 0x0000000100000000)
  region size 1024K, 3 young (3072K), 3 survivors (3072K)
 Metaspace       used 16549K, capacity 16899K, committed 17280K, reserved 1064960K
  class space    used 1524K, capacity 1625K, committed 1664K, reserved 1048576K
}
Event: 64.148 GC heap before
{Heap before GC invocations=70 (full 0):
 garbage-first heap   total 218112K, used 41025K [0x0000000089c00000, 0x0000000100000000)
  region size 1024K, 10 young (10240K), 3 survivors (3072K)
 Metaspace       used 16549K, capacity 16899K, committed 17280K, reserved 1064960K
  class space    used 1524K, capacity 1625K, committed 1664K, reserved 1048576K
}
Event: 64.637 GC heap after
{Heap after GC invocations=71 (full 0):
 garbage-first heap   total 218112K, used 33857K [0x0000000089c00000, 0x0000000100000000)
  region size 1024K, 1 young (1024K), 1 survivors (1024K)
 Metaspace       used 16549K, capacity 16899K, committed 17280K, reserved 1064960K
  class space    used 1524K, capacity 1625K, committed 1664K, reserved 1048576K
}
Event: 65.123 GC heap before
{Heap before GC invocations=71 (full 0):
 garbage-first heap   total 218112K, used 43073K [0x0000000089c00000, 0x0000000100000000)
  region size 1024K, 10 young (10240K), 1 survivors (1024K)
 Metaspace       used 16549K, capacity 16899K, committed 17280K, reserved 1064960K
  class space    used 1524K, capacity 1625K, committed 1664K, reserved 1048576K
}

