# JRE version: OpenJDK Runtime Environment (12.0.1+12) (build 12.0.1+12)
# Java VM: OpenJDK 64-Bit Server VM (12.0.1+12, mixed mode, sharing, tiered, compressed oops, g1 gc, linux-amd64)
Heap:
 garbage-first heap   total 479232K, used 26855K [0x0000000089c00000, 0x0000000100000000)
  region size 1024K, 7 young (7168K), 7 survivors (7168K)
 Metaspace       used 16548K, capacity 16947K, committed 17280K, reserved 1064960K
  class space    used 1523K, capacity 1625K, committed 1664K, reserved 1048576K
GC Heap History (10 events):
Event: 35.851 GC heap after
{Heap after GC invocations=23 (full 0):
 garbage-first heap   total 262144K, used 27257K [0x0000000089c00000, 0x0000000100000000)
  region size 1024K, 7 young (7168K), 7 survivors (7168K)
 Metaspace       used 16548K, capacity 16947K, committed 17280K, reserved 1064960K
  class space    used 1523K, capacity 1625K, committed 1664K, reserved 1048576K
}
Event: 38.160 GC heap before
{Heap before GC invocations=23 (full 0):
 garbage-first heap   total 262144K, used 176761K [0x0000000089c00000, 0x0000000100000000)
  region size 1024K, 153 young (156672K), 7 survivors (7168K)
 Metaspace       used 16548K, capacity 16947K, committed 17280K, reserved 1064960K
  class space    used 1523K, capacity 1625K, committed 1664K, reserved 1048576K
}
Event: 38.223 GC heap after
{Heap after GC invocations=24 (full 0):
 garbage-first heap   total 262144K, used 26846K [0x0000000089c00000, 0x0000000100000000)
  region size 1024K, 7 young (7168K), 7 survivors (7168K)
 Metaspace       used 16548K, capacity 16947K, committed 17280K, reserved 1064960K
  class space    used 1523K, capacity 1625K, committed 1664K, reserved 1048576K
}
Event: 39.821 GC heap before
{Heap before GC invocations=24 (full 0):
 garbage-first heap   total 262144K, used 176350K [0x0000000089c00000, 0x0000000100000000)
  region size 1024K, 153 young (156672K), 7 survivors (7168K)
 Metaspace       used 16548K, capacity 16947K, committed 17280K, reserved 1064960K
  class space    used 1523K, capacity 1625K, committed 1664K, reserved 1048576K
}
Event: 40.068 GC heap after
{Heap after GC invocations=25 (full 0):
 garbage-first heap   total 262144K, used 27241K [0x0000000089c00000, 0x0000000100000000)
  region size 1024K, 7 young (7168K), 7 survivors (7168K)
 Metaspace       used 16548K, capacity 16947K, committed 17280K, reserved 1064960K
  class space    used 1523K, capacity 1625K, committed 1664K, reserved 1048576K
}
Event: 49.305 GC heap before
{Heap before GC invocations=25 (full 0):
 garbage-first heap   total 262144K, used 176745K [0x0000000089c00000, 0x0000000100000000)
  region size 1024K, 153 young (156672K), 7 survivors (7168K)
 Metaspace       used 16548K, capacity 16947K, committed 17280K, reserved 1064960K
  class space    used 1523K, capacity 1625K, committed 1664K, reserved 1048576K
}
Event: 49.402 GC heap after
{Heap after GC invocations=26 (full 0):
 garbage-first heap   total 262144K, used 26835K [0x0000000089c00000, 0x0000000100000000)
  region size 1024K, 7 young (7168K), 7 survivors (7168K)
 Metaspace       used 16548K, capacity 16947K, committed 17280K, reserved 1064960K
  class space    used 1523K, capacity 1625K, committed 1664K, reserved 1048576K
}
Event: 51.559 GC heap before
{Heap before GC invocations=26 (full 0):
 garbage-first heap   total 262144K, used 176339K [0x0000000089c00000, 0x0000000100000000)
  region size 1024K, 153 young (156672K), 7 survivors (7168K)
 Metaspace       used 16548K, capacity 16947K, committed 17280K, reserved 1064960K
  class space    used 1523K, capacity 1625K, committed 1664K, reserved 1048576K
}
Event: 51.807 GC heap after
{Heap after GC invocations=27 (full 0):
 garbage-first heap   total 262144K, used 26849K [0x0000000089c00000, 0x0000000100000000)
  region size 1024K, 7 young (7168K), 7 survivors (7168K)
 Metaspace       used 16548K, capacity 16947K, committed 17280K, reserved 1064960K
  class space    used 1523K, capacity 1625K, committed 1664K, reserved 1048576K
}
Event: 53.817 GC heap before
{Heap before GC invocations=27 (full 0):
 garbage-first heap   total 262144K, used 176353K [0x0000000089c00000, 0x0000000100000000)
  region size 1024K, 153 young (156672K), 7 survivors (7168K)
 Metaspace       used 16548K, capacity 16947K, committed 17280K, reserved 1064960K
  class space    used 1523K, capacity 1625K, committed 1664K, reserved 1048576K
}

