# JRE version: OpenJDK Runtime Environment (12.0.1+12) (build 12.0.1+12)
# Java VM: OpenJDK 64-Bit Server VM (12.0.1+12, mixed mode, sharing, tiered, compressed oops, g1 gc, linux-amd64)
Heap:
 garbage-first heap   total 657408K, used 25906K [0x0000000089c00000, 0x0000000100000000)
  region size 1024K, 1 young (1024K), 1 survivors (1024K)
 Metaspace       used 16513K, capacity 16834K, committed 17280K, reserved 1064960K
  class space    used 1522K, capacity 1625K, committed 1664K, reserved 1048576K
GC Heap History (10 events):
Event: 21.759 GC heap after
{Heap after GC invocations=23 (full 0):
 garbage-first heap   total 219136K, used 25900K [0x0000000089c00000, 0x0000000100000000)
  region size 1024K, 1 young (1024K), 1 survivors (1024K)
 Metaspace       used 16510K, capacity 16834K, committed 17280K, reserved 1064960K
  class space    used 1522K, capacity 1625K, committed 1664K, reserved 1048576K
}
Event: 21.878 GC heap before
{Heap before GC invocations=23 (full 0):
 garbage-first heap   total 219136K, used 35116K [0x0000000089c00000, 0x0000000100000000)
  region size 1024K, 10 young (10240K), 1 survivors (1024K)
 Metaspace       used 16513K, capacity 16834K, committed 17280K, reserved 1064960K
  class space    used 1522K, capacity 1625K, committed 1664K, reserved 1048576K
}
Event: 21.921 GC heap after
{Heap after GC invocations=24 (full 0):
 garbage-first heap   total 219136K, used 25872K [0x0000000089c00000, 0x0000000100000000)
  region size 1024K, 1 young (1024K), 1 survivors (1024K)
 Metaspace       used 16513K, capacity 16834K, committed 17280K, reserved 1064960K
  class space    used 1522K, capacity 1625K, committed 1664K, reserved 1048576K
}
Event: 22.028 GC heap before
{Heap before GC invocations=24 (full 0):
 garbage-first heap   total 219136K, used 35088K [0x0000000089c00000, 0x0000000100000000)
  region size 1024K, 10 young (10240K), 1 survivors (1024K)
 Metaspace       used 16513K, capacity 16834K, committed 17280K, reserved 1064960K
  class space    used 1522K, capacity 1625K, committed 1664K, reserved 1048576K
}
Event: 22.049 GC heap after
{Heap after GC invocations=25 (full 0):
 garbage-first heap   total 219136K, used 25876K [0x0000000089c00000, 0x0000000100000000)
  region size 1024K, 1 young (1024K), 1 survivors (1024K)
 Metaspace       used 16513K, capacity 16834K, committed 17280K, reserved 1064960K
  class space    used 1522K, capacity 1625K, committed 1664K, reserved 1048576K
}
Event: 22.151 GC heap before
{Heap before GC invocations=25 (full 0):
 garbage-first heap   total 219136K, used 35092K [0x0000000089c00000, 0x0000000100000000)
  region size 1024K, 10 young (10240K), 1 survivors (1024K)
 Metaspace       used 16513K, capacity 16834K, committed 17280K, reserved 1064960K
  class space    used 1522K, capacity 1625K, committed 1664K, reserved 1048576K
}
Event: 22.153 GC heap after
{Heap after GC invocations=26 (full 0):
 garbage-first heap   total 219136K, used 25881K [0x0000000089c00000, 0x0000000100000000)
  region size 1024K, 1 young (1024K), 1 survivors (1024K)
 Metaspace       used 16513K, capacity 16834K, committed 17280K, reserved 1064960K
  class space    used 1522K, capacity 1625K, committed 1664K, reserved 1048576K
}
Event: 22.425 GC heap before
{Heap before GC invocations=26 (full 0):
 garbage-first heap   total 219136K, used 35097K [0x0000000089c00000, 0x0000000100000000)
  region size 1024K, 10 young (10240K), 1 survivors (1024K)
 Metaspace       used 16513K, capacity 16834K, committed 17280K, reserved 1064960K
  class space    used 1522K, capacity 1625K, committed 1664K, reserved 1048576K
}
Event: 22.566 GC heap after
{Heap after GC invocations=27 (full 0):
 garbage-first heap   total 219136K, used 25884K [0x0000000089c00000, 0x0000000100000000)
  region size 1024K, 1 young (1024K), 1 survivors (1024K)
 Metaspace       used 16513K, capacity 16834K, committed 17280K, reserved 1064960K
  class space    used 1522K, capacity 1625K, committed 1664K, reserved 1048576K
}
Event: 23.006 GC heap before
{Heap before GC invocations=27 (full 0):
 garbage-first heap   total 219136K, used 44316K [0x0000000089c00000, 0x0000000100000000)
  region size 1024K, 19 young (19456K), 1 survivors (1024K)
 Metaspace       used 16513K, capacity 16834K, committed 17280K, reserved 1064960K
  class space    used 1522K, capacity 1625K, committed 1664K, reserved 1048576K
}

